[2022-04-12T09:05:12+00:00][error] :-Wrong Credentials
[2022-04-12T09:06:22+00:00][error] :-Wrong Credentials
[2022-04-12T09:06:45+00:00][error] :-Wrong Credentials
[2022-04-12T09:10:53+00:00][error] :-Wrong Credentials
[2022-04-12T09:13:13+00:00][error] kartiksaini@cedcommerce.com:-Wrong Credentials
[2022-04-12T09:21:11+00:00][error] kartik@mail.com:-Wrong Credentials
[2022-04-12T09:44:28+00:00][notice] Login By :-kartik
[2022-04-12T09:49:42+00:00][notice] Login By :-kartik
[2022-04-12T09:58:02+00:00][notice] Login By :-kartik
[2022-04-12T11:25:39+00:00][notice] Login By :-kartik
[2022-04-12T11:25:55+00:00][notice] Login By :-harsh
[2022-04-12T11:27:22+00:00][notice] Login By :-aman
[2022-04-12T11:28:38+00:00][notice] Login By :-harsh
[2022-04-12T11:38:56+00:00][notice] Login By :-aman
[2022-04-12T11:39:53+00:00][notice] Login By :-kartik
[2022-04-12T11:41:07+00:00][notice] Login By :-kartik
[2022-04-12T11:41:14+00:00][notice] Login By :-aman
[2022-04-12T11:50:55+00:00][notice] Login By :-kartik
[2022-04-12T12:13:44+00:00][notice] Login By :-kartik
[2022-04-12T12:25:50+00:00][notice] Login By :-kartik
[2022-04-12T12:26:08+00:00][notice] Login By :-kartik
[2022-04-12T12:29:36+00:00][notice] Login By :-kartik
[2022-04-12T12:36:10+00:00][notice] Login By :-ravi
[2022-04-12T12:38:34+00:00][notice] Login By :-aman
[2022-04-12T12:45:46+00:00][error] kartiksaini@cedcommerce.com:-Wrong Credentials
[2022-04-12T12:47:07+00:00][notice] Login By :-radha
[2022-04-12T12:52:45+00:00][notice] Login By :-ravi
[2022-04-12T13:09:08+00:00][error] kartik@mail.com:-Wrong Credentials
[2022-04-12T13:14:18+00:00][notice] Login By :-kartik
[2022-04-13T03:31:16+00:00][notice] Login By :-kartik
[2022-04-13T03:34:27+00:00][notice] Login By :-kartik
[2022-04-13T03:34:59+00:00][notice] Login By :-harsh
[2022-04-13T03:38:04+00:00][notice] Login By :-harsh
[2022-04-13T04:12:56+00:00][notice] Login By :-kartik
[2022-04-13T04:15:17+00:00][notice] Login By :-kartik
[2022-04-13T04:27:39+00:00][notice] Login By :-kartik
[2022-04-13T12:53:44+00:00][notice] Login By :-kartik
[2022-04-13T12:56:50+00:00][notice] Login By :-kartik
[2022-04-13T12:58:16+00:00][notice] Login By :-kartik
[2022-04-13T12:58:25+00:00][notice] Login By :-kartik
[2022-04-13T12:58:27+00:00][error] :-Wrong Credentials
[2022-04-13T13:00:01+00:00][notice] Login By :-kartik
[2022-04-13T13:00:20+00:00][notice] Login By :-kartik
[2022-04-13T13:00:54+00:00][notice] Login By :-kartik
[2022-04-13T13:03:08+00:00][notice] Login By :-harsh
[2022-04-14T10:25:27+00:00][notice] Login By :-kartik
[2022-04-14T10:29:16+00:00][notice] Login By :-kartik
[2022-04-14T10:43:56+00:00][notice] Login By :-kartik
[2022-04-14T10:47:44+00:00][notice] Login By :-kartik
[2022-04-14T10:49:45+00:00][notice] Login By :-kartik
[2022-04-14T10:50:04+00:00][notice] Login By :-kartik
[2022-04-14T10:52:50+00:00][notice] Login By :-kartik
[2022-04-14T11:21:52+00:00][notice] Login By :-kartik
[2022-04-14T11:34:10+00:00][notice] Login By :-kartik
[2022-04-14T11:36:54+00:00][notice] Login By :-kartik
[2022-04-14T11:38:02+00:00][notice] Login By :-kartik
[2022-04-14T11:53:14+00:00][notice] Login By :-kartik
[2022-04-14T11:53:51+00:00][notice] Login By :-kartik
[2022-04-14T11:54:10+00:00][notice] Login By :-kartik
[2022-04-14T11:56:18+00:00][notice] Login By :-kartik
[2022-04-14T12:14:13+00:00][notice] Login By :-kartik
[2022-04-14T12:30:48+00:00][notice] Login By :-kartik
[2022-04-14T12:35:07+00:00][notice] Login By :-kartik
[2022-04-14T12:54:07+00:00][notice] Login By :-kartik
[2022-04-14T13:05:18+00:00][notice] Login By :-kartik
[2022-04-14T13:09:30+00:00][notice] Login By :-kartik
[2022-04-14T13:12:46+00:00][notice] Login By :-harsh
[2022-04-14T13:15:14+00:00][notice] Login By :-harsh
[2022-04-14T13:16:03+00:00][error] :-Wrong Credentials
[2022-04-15T06:06:18+00:00][notice] Login By :-kartik
[2022-04-15T06:08:24+00:00][notice] Login By :-aman
[2022-04-15T06:17:57+00:00][notice] Login By :-kartik
[2022-04-15T06:29:51+00:00][notice] Login By :-aman
[2022-04-15T06:39:45+00:00][notice] Login By :-kartik
[2022-04-15T06:39:59+00:00][notice] Login By :-aman
[2022-04-15T06:45:39+00:00][notice] Login By :-aman
[2022-04-15T06:46:39+00:00][notice] Login By :-kartik
[2022-04-15T06:47:19+00:00][notice] Login By :-kartik
[2022-04-15T06:50:37+00:00][notice] Login By :-kartik
[2022-04-15T06:50:45+00:00][notice] Login By :-aman
[2022-04-15T06:51:35+00:00][notice] Login By :-kartik
[2022-04-15T06:52:33+00:00][notice] Login By :-aman
[2022-04-15T09:23:26+00:00][notice] Login By :-kartik
[2022-04-15T09:39:23+00:00][notice] Login By :-harsh
[2022-04-15T09:40:12+00:00][notice] Login By :-harsh
[2022-04-15T10:11:12+00:00][notice] Login By :-harsh
[2022-04-15T10:13:26+00:00][notice] Login By :-kartik
[2022-04-15T10:15:07+00:00][notice] Login By :-kartik
[2022-04-15T10:25:06+00:00][notice] Login By :-kartik
[2022-04-15T11:25:34+00:00][notice] Login By :-kartik
[2022-04-15T11:37:26+00:00][notice] Login By :-kartik
[2022-04-15T11:50:39+00:00][notice] Login By :-kartik
[2022-04-15T12:46:01+00:00][notice] Login By :-kartik
[2022-04-15T12:59:14+00:00][notice] Login By :-kartik
[2022-04-15T13:04:36+00:00][notice] Login By :-kartik
[2022-04-15T13:11:22+00:00][notice] Login By :-kartik
[2022-04-16T03:21:42+00:00][notice] Login By :-kartik
[2022-04-18T11:23:32+00:00][notice] Login By :-kartik
